<?xml version="1.0" encoding="UTF-8"?>
<!-- Generated by org.testng.reporters.JUnitReportReporter -->
<testsuite skipped="0" hostname="Owner" name="com.accenttechPartnersGuru99.testCases.TC_002" tests="1" failures="0" timestamp="2020-04-25T22:25:39 EDT" time="16.965" errors="0">
  <testcase name="Test_003_NewAccount" time="16.965" classname="com.accenttechPartnersGuru99.testCases.TC_002"/>
  <system-out/>
</testsuite> <!-- com.accenttechPartnersGuru99.testCases.TC_002 -->
