<?xml version="1.0" encoding="UTF-8"?>
<!-- Generated by org.testng.reporters.JUnitReportReporter -->
<testsuite skipped="0" hostname="Owner" name="com.accenttechPartnersGuru99.testCases.TC_006" tests="1" failures="0" timestamp="2020-04-25T22:25:39 EDT" time="22.825" errors="0">
  <testcase name="test_006_DeleteAccount" time="22.825" classname="com.accenttechPartnersGuru99.testCases.TC_006"/>
  <system-out/>
</testsuite> <!-- com.accenttechPartnersGuru99.testCases.TC_006 -->
