<?xml version="1.0" encoding="UTF-8"?>
<!-- Generated by org.testng.reporters.JUnitReportReporter -->
<testsuite skipped="0" hostname="Owner" name="com.accenttechPartnersGuru99.testCases.TC_003" tests="1" failures="0" timestamp="2020-04-25T22:25:39 EDT" time="25.559" errors="0">
  <testcase name="test_004_FundTransfer" time="25.559" classname="com.accenttechPartnersGuru99.testCases.TC_003"/>
  <system-out/>
</testsuite> <!-- com.accenttechPartnersGuru99.testCases.TC_003 -->
