<?xml version="1.0" encoding="UTF-8"?>
<!-- Generated by org.testng.reporters.JUnitReportReporter -->
<testsuite skipped="0" hostname="Owner" name="com.accenttechPartnersGuru99.testCases.TC_001" tests="5" failures="0" timestamp="2020-04-25T22:25:39 EDT" time="91.685" errors="0">
  <testcase name="Test_001_NewCustomerRegistration" time="26.096" classname="com.accenttechPartnersGuru99.testCases.TC_001"/>
  <system-out/>
  <testcase name="test_002" time="18.251" classname="com.accenttechPartnersGuru99.testCases.TC_001"/>
  <system-out/>
  <testcase name="test_002" time="17.143" classname="com.accenttechPartnersGuru99.testCases.TC_001"/>
  <system-out/>
  <testcase name="test_002" time="14.504" classname="com.accenttechPartnersGuru99.testCases.TC_001"/>
  <system-out/>
  <testcase name="test_002" time="15.691" classname="com.accenttechPartnersGuru99.testCases.TC_001"/>
  <system-out/>
</testsuite> <!-- com.accenttechPartnersGuru99.testCases.TC_001 -->
